TN:
SF:src/hydra_plugins/hydra_ext_sweeper/__init__.py
DA:0,1,1B2M2Y8AsgTpgAmY7PhCfg
LF:0
LH:0
end_of_record
TN:
SF:src/hydra_plugins/hydra_ext_sweeper/ext_sweeper.py
DA:1,1,EZEzNmL93PY96zsSuI0PfQ
DA:2,1,zATx2h9JdLaKNlPbeg0iLA
DA:3,1,Fgl+vbOUGcWRorxc5bC0Iw
DA:4,1,6vWAvNsegNqafFN4IKLrhg
DA:6,1,q2S3bWRatQqg72WSiV+uUw
DA:7,1,VSJL3nulHpNxC99uD7J8OA
DA:8,1,E4pk2+SX96BLpO1nNBUluQ
DA:9,1,h5a4iJlk/HByy5Gc89P0gA
DA:10,1,NGf2mL2UrLeBVJYLNnv1/g
DA:16,1,zHs9BLo7V2EVo1Wvf2LUMQ
DA:17,1,sZhYlhDAqE42U3nbDID91A
DA:18,1,7GF3yT2T3EcnYrRLpS0ruQ
DA:19,1,XjE5TCLATSaI0sPk5Q8eqg
DA:20,1,V7Nu2CDBfCuOFfCGTXypWg
DA:21,1,nJB/r2RDzlJjMZtzGXxopQ
DA:23,1,332Z8mDePULcCQcFN+JeCQ
DA:26,1,CT9XrugR0VmgtyLiirko8A
DA:27,1,jrP15yG+VY2UqaWuFhvP2g
DA:28,1,RYlJVttfg78+9CeMJN15Cg
DA:31,1,cAm0ojuKJQHDNDxeI7wQzQ
DA:38,1,332Z8mDePULcCQcFN+JeCQ
DA:41,1,xbGAxGp3USbznimjcDZRGA
DA:42,1,4tqr0VEhJ/i618KS8q1Ihw
DA:44,1,UUxPMPDbQCc1nVwozNCoxw
DA:47,1,DU1UNhbFRedcODMvQwuBPg
DA:48,1,PNgxXKR9kNssHl3BAO6pQA
DA:49,1,En2cY6kwKQfXNPvKb+z2AQ
DA:50,1,sAmydRIDbgaLTMG2H+5Rvg
DA:51,1,EJZchPhFWuq1iookleYOfg
DA:45,0,0lgRSq5BicgW3RtQ4H1Akg
LF:29
LH:28
end_of_record
