TN:
SF:hydra_plugins\hydra_ext_sweeper\__init__.py
DA:0,1,1B2M2Y8AsgTpgAmY7PhCfg
LF:0
LH:0
end_of_record
TN:
SF:hydra_plugins\hydra_ext_sweeper\ext_sweeper.py
DA:1,1,EZEzNmL93PY96zsSuI0PfQ
DA:2,1,zATx2h9JdLaKNlPbeg0iLA
DA:3,1,Fgl+vbOUGcWRorxc5bC0Iw
DA:4,1,6vWAvNsegNqafFN4IKLrhg
DA:6,1,VSJL3nulHpNxC99uD7J8OA
DA:7,1,h5a4iJlk/HByy5Gc89P0gA
DA:8,1,NGf2mL2UrLeBVJYLNnv1/g
DA:14,1,zHs9BLo7V2EVo1Wvf2LUMQ
DA:15,1,sZhYlhDAqE42U3nbDID91A
DA:16,1,7GF3yT2T3EcnYrRLpS0ruQ
DA:17,1,XjE5TCLATSaI0sPk5Q8eqg
DA:18,1,V7Nu2CDBfCuOFfCGTXypWg
DA:19,1,nJB/r2RDzlJjMZtzGXxopQ
DA:21,1,332Z8mDePULcCQcFN+JeCQ
DA:24,1,CT9XrugR0VmgtyLiirko8A
DA:25,1,giHA/64oXwZ/NPSPWRQvig
DA:26,1,7oYofVuZlLCTbRA1XfboEw
DA:29,1,cAm0ojuKJQHDNDxeI7wQzQ
DA:37,1,ys+q0naExEkKjZHdewWOvA
DA:38,1,4tqr0VEhJ/i618KS8q1Ihw
DA:40,1,gFdnwIzxJ64X+nD2UauP7A
DA:47,1,leWPu3a92U46XgI3/MVg5A
DA:50,1,SJkbJpOrQ+JgBRm4lBNNkw
DA:65,1,DU1UNhbFRedcODMvQwuBPg
DA:41,0,WOwJxA6R7uUewE816b2YBA
DA:43,0,qjTXzE3pyzgQ5vX8m1POXw
DA:44,0,yYEtSy1d2ZtsSrz+kwEfFA
DA:45,0,cYP55LQ/qE4HNWMQoDY/PQ
DA:48,0,L9w6yG8DWQsQg2FLNUhQRQ
DA:57,0,aI9RuaNeHBCHLhxM/HVHhg
DA:58,0,mJBza0Kefu5wncQCmgj5rg
DA:59,0,5+utoY4mmNQVVt1qz26p3g
DA:66,0,ArVzYcOYnKxLcJHMn30ZNA
DA:67,0,En2cY6kwKQfXNPvKb+z2AQ
DA:68,0,/8OSaRsMmJp+uF82kF50RQ
LF:34
LH:23
end_of_record
